<?xml version="1.0" encoding="UTF-8"?>
<!-- Generated by org.testng.reporters.JUnitReportReporter -->
<testsuite hostname="ITEM-S79751" name="testRunner.Runner2" tests="1" failures="0" timestamp="26 Oct 2020 10:06:14 GMT" time="0.003" errors="0">
  <testcase name="f" time="0.003" classname="testRunner.Runner2"/>
</testsuite> <!-- testRunner.Runner2 -->
